<?xml version="1.0" encoding="UTF-8"?>
<!-- Generated by org.testng.reporters.JUnitReportReporter -->
<testsuite skipped="0" hostname="LAPTOP-64JMFN9V" name="com.droom.automation.RegistrationTest" tests="1" failures="0" timestamp="2020-07-20T20:27:20 IST" time="39.151" errors="0">
  <testcase name="RegistrationForProSellerAccount" time="39.151" classname="com.droom.automation.RegistrationTest"/>
</testsuite> <!-- com.droom.automation.RegistrationTest -->
