<?xml version="1.0" encoding="UTF-8"?>
<!-- Generated by org.testng.reporters.JUnitReportReporter -->
<testsuite skipped="0" hostname="LAPTOP-64JMFN9V" name="com.droom.automation.BuyGermShieldServiceTest" tests="1" failures="0" timestamp="2020-07-29T17:28:35 IST" time="402.217" errors="0">
  <testcase name="buyGermShieldForAutomobileAsCar" time="402.217" classname="com.droom.automation.BuyGermShieldServiceTest"/>
</testsuite> <!-- com.droom.automation.BuyGermShieldServiceTest -->
