<?xml version="1.0" encoding="UTF-8"?>
<!-- Generated by org.testng.reporters.JUnitReportReporter -->
<testsuite skipped="0" hostname="LAPTOP-64JMFN9V" name="com.droom.automation.BuyFeatureTest" tests="1" failures="0" timestamp="2020-07-27T18:11:52 IST" time="225.813" errors="0">
  <testcase name="buyRTOServiceAsLoggedInUser" time="225.813" classname="com.droom.automation.BuyFeatureTest"/>
</testsuite> <!-- com.droom.automation.BuyFeatureTest -->
