<?xml version="1.0" encoding="UTF-8"?>
<!-- Generated by org.testng.reporters.JUnitReportReporter -->
<testsuite skipped="0" hostname="LAPTOP-64JMFN9V" name="com.droom.automation.BuyGermShieldServiceTest" tests="1" failures="0" timestamp="2020-07-23T12:26:41 IST" time="27.890" errors="0">
  <testcase name="buyGermShieldServiceViaHomePageAsLoggedInUser" time="27.890" classname="com.droom.automation.BuyGermShieldServiceTest"/>
</testsuite> <!-- com.droom.automation.BuyGermShieldServiceTest -->
