<?xml version="1.0" encoding="UTF-8"?>
<!-- Generated by org.testng.reporters.JUnitReportReporter -->
<testsuite skipped="0" hostname="LAPTOP-64JMFN9V" name="com.droom.automation.CreateListingTest" tests="1" failures="0" timestamp="2020-07-24T01:35:01 IST" time="147.229" errors="0">
  <testcase name="createConciergeListingAsLoggedInUser" time="147.229" classname="com.droom.automation.CreateListingTest"/>
</testsuite> <!-- com.droom.automation.CreateListingTest -->
