<?xml version="1.0" encoding="UTF-8"?>
<!-- Generated by org.testng.reporters.JUnitReportReporter -->
<testsuite skipped="0" hostname="LAPTOP-64JMFN9V" name="com.droom.automation.CreateListingTest" tests="1" failures="0" timestamp="2020-07-27T17:03:15 IST" time="187.384" errors="0">
  <testcase name="createPremiumListingAsLoggedInUser" time="187.384" classname="com.droom.automation.CreateListingTest"/>
</testsuite> <!-- com.droom.automation.CreateListingTest -->
