<?xml version="1.0" encoding="UTF-8"?>
<!-- Generated by org.testng.reporters.JUnitReportReporter -->
<testsuite skipped="0" hostname="LAPTOP-64JMFN9V" name="com.droom.automation.LoginTest" tests="4" failures="0" timestamp="2020-07-22T21:16:26 IST" time="130.228" errors="0">
  <testcase name="validLoginForIndividualAccount" time="26.635" classname="com.droom.automation.LoginTest"/>
  <testcase name="validLoginForPro_SellerAccount" time="30.470" classname="com.droom.automation.LoginTest"/>
  <testcase name="loginViaOTPForIndividualAccount" time="42.700" classname="com.droom.automation.LoginTest"/>
  <testcase name="loginViaOTPForPro_SellerAccount" time="30.423" classname="com.droom.automation.LoginTest"/>
</testsuite> <!-- com.droom.automation.LoginTest -->
