<?xml version="1.0" encoding="UTF-8"?>
<!-- Generated by org.testng.reporters.JUnitReportReporter -->
<testsuite skipped="0" hostname="LAPTOP-64JMFN9V" name="com.droom.automation.SearchFeatureTest" tests="1" failures="0" timestamp="2020-07-29T23:19:52 IST" time="160.223" errors="0">
  <testcase name="serachForVehicleValidationAsLoggedInUser" time="160.223" classname="com.droom.automation.SearchFeatureTest"/>
</testsuite> <!-- com.droom.automation.SearchFeatureTest -->
