<?xml version="1.0" encoding="UTF-8"?>
<!-- Generated by org.testng.reporters.JUnitReportReporter -->
<testsuite skipped="0" hostname="LAPTOP-64JMFN9V" name="com.droom.automation.UserLoginTest" tests="5" failures="0" timestamp="2020-07-24T17:30:59 IST" time="259.574" errors="0">
  <testcase name="loginAsProSellerViaPassword" time="59.372" classname="com.droom.automation.UserLoginTest"/>
  <testcase name="inValidLoginIDAsProSellerViaPassword" time="59.968" classname="com.droom.automation.UserLoginTest"/>
  <testcase name="inValidLoginPasswordAsProSellerViaPassword" time="33.565" classname="com.droom.automation.UserLoginTest"/>
  <testcase name="loginAsProSellerViaOTP" time="63.483" classname="com.droom.automation.UserLoginTest"/>
  <testcase name="inValidOTPloginAsProSellerViaOTP" time="43.186" classname="com.droom.automation.UserLoginTest"/>
</testsuite> <!-- com.droom.automation.UserLoginTest -->
