<?xml version="1.0" encoding="UTF-8"?>
<!-- Generated by org.testng.reporters.JUnitReportReporter -->
<testsuite skipped="0" hostname="LAPTOP-64JMFN9V" name="com.droom.automation.CreateListingTest" tests="1" failures="0" timestamp="2020-07-24T20:47:52 IST" time="223.749" errors="0">
  <testcase name="createNormalListingAsLoggedInUser" time="223.749" classname="com.droom.automation.CreateListingTest"/>
</testsuite> <!-- com.droom.automation.CreateListingTest -->
