<?xml version="1.0" encoding="UTF-8"?>
<!-- Generated by org.testng.reporters.JUnitReportReporter -->
<testsuite skipped="0" hostname="LAPTOP-64JMFN9V" name="com.droom.automation.UserRegistrationTest" tests="1" failures="0" timestamp="2020-07-25T20:41:29 IST" time="56.961" errors="0">
  <testcase name="inValidInputErrorMsgVerificationWhileRegisterAsProSellerAccount" time="56.961" classname="com.droom.automation.UserRegistrationTest"/>
</testsuite> <!-- com.droom.automation.UserRegistrationTest -->
