<?xml version="1.0" encoding="UTF-8"?>
<!-- Generated by org.testng.reporters.JUnitReportReporter -->
<testsuite skipped="0" hostname="LAPTOP-64JMFN9V" name="com.droom.automation.RegistrationTest" tests="2" failures="0" timestamp="2020-07-22T21:11:51 IST" time="73.585" errors="0">
  <testcase name="registrationForIndividualAccount" time="36.729" classname="com.droom.automation.RegistrationTest"/>
  <testcase name="RegistrationForProSellerAccount" time="36.856" classname="com.droom.automation.RegistrationTest"/>
</testsuite> <!-- com.droom.automation.RegistrationTest -->
