<?xml version="1.0" encoding="UTF-8"?>
<!-- Generated by org.testng.reporters.JUnitReportReporter -->
<testsuite skipped="0" hostname="LAPTOP-64JMFN9V" name="com.droom.automation.UserLoginTest" tests="4" failures="0" timestamp="2020-07-23T13:15:22 IST" time="156.462" errors="0">
  <testcase name="loginAsIndividualUserViaPassword" time="34.202" classname="com.droom.automation.UserLoginTest"/>
  <testcase name="loginAsProSellerViaPassword" time="35.516" classname="com.droom.automation.UserLoginTest"/>
  <testcase name="loginAsIndividualUserViaOTP" time="48.285" classname="com.droom.automation.UserLoginTest"/>
  <testcase name="loginAsProSellerViaOTP" time="38.459" classname="com.droom.automation.UserLoginTest"/>
</testsuite> <!-- com.droom.automation.UserLoginTest -->
