<?xml version="1.0" encoding="UTF-8"?>
<!-- Generated by org.testng.reporters.JUnitReportReporter -->
<testsuite skipped="0" hostname="LAPTOP-64JMFN9V" name="com.droom.automation.BuyGermShieldServiceTest" tests="4" failures="0" timestamp="2020-07-30T00:05:20 IST" time="332.110" errors="0">
  <testcase name="buyGermShieldForAutomobileAsHatchback" time="75.192" classname="com.droom.automation.BuyGermShieldServiceTest"/>
  <testcase name="buyGermShieldForAutomobileAsSedan" time="83.245" classname="com.droom.automation.BuyGermShieldServiceTest"/>
  <testcase name="buyGermShieldForAutomobileAsBike" time="79.850" classname="com.droom.automation.BuyGermShieldServiceTest"/>
  <testcase name="buyGermShieldForAutomobileAsScooter" time="93.823" classname="com.droom.automation.BuyGermShieldServiceTest"/>
</testsuite> <!-- com.droom.automation.BuyGermShieldServiceTest -->
