<?xml version="1.0" encoding="UTF-8"?>
<!-- Generated by org.testng.reporters.JUnitReportReporter -->
<testsuite skipped="0" hostname="LAPTOP-64JMFN9V" name="com.droom.automation.SellFeatureTest" tests="1" failures="0" timestamp="2020-07-21T15:25:37 IST" time="196.819" errors="0">
  <testcase name="sellFeatureValidation" time="196.819" classname="com.droom.automation.SellFeatureTest"/>
</testsuite> <!-- com.droom.automation.SellFeatureTest -->
