<?xml version="1.0" encoding="UTF-8"?>
<testsuite xmlns:xsi="http://www.w3.org/2001/XMLSchema-instance" xsi:noNamespaceSchemaLocation="https://maven.apache.org/surefire/maven-surefire-plugin/xsd/surefire-test-report-3.0.xsd" version="3.0" name="TestSuite" time="476.866" tests="10" errors="0" skipped="0" failures="0">
  <properties>
    <property name="sun.desktop" value="windows"/>
    <property name="awt.toolkit" value="sun.awt.windows.WToolkit"/>
    <property name="file.encoding.pkg" value="sun.io"/>
    <property name="java.specification.version" value="1.8"/>
    <property name="webdriver.chrome.driver" value="C:\Users\Honey\Desktop\droomWorkspace\droom-automation\src\test\resources\drivers\windows\chromedriver.exe"/>
    <property name="sun.cpu.isalist" value="amd64"/>
    <property name="sun.jnu.encoding" value="Cp1252"/>
    <property name="java.class.path" value="C:\Users\Honey\Desktop\droomWorkspace\droom-automation\target\test-classes;C:\Users\Honey\Desktop\droomWorkspace\droom-automation\target\classes;C:\Users\Honey\.m2\repository\org\testng\testng\7.1.0\testng-7.1.0.jar;C:\Users\Honey\.m2\repository\com\beust\jcommander\1.72\jcommander-1.72.jar;C:\Users\Honey\.m2\repository\com\google\inject\guice\4.1.0\guice-4.1.0-no_aop.jar;C:\Users\Honey\.m2\repository\javax\inject\javax.inject\1\javax.inject-1.jar;C:\Users\Honey\.m2\repository\aopalliance\aopalliance\1.0\aopalliance-1.0.jar;C:\Users\Honey\.m2\repository\org\yaml\snakeyaml\1.21\snakeyaml-1.21.jar;C:\Users\Honey\.m2\repository\org\apache\poi\poi\4.1.2\poi-4.1.2.jar;C:\Users\Honey\.m2\repository\commons-codec\commons-codec\1.13\commons-codec-1.13.jar;C:\Users\Honey\.m2\repository\org\apache\commons\commons-collections4\4.4\commons-collections4-4.4.jar;C:\Users\Honey\.m2\repository\org\apache\commons\commons-math3\3.6.1\commons-math3-3.6.1.jar;C:\Users\Honey\.m2\repository\com\zaxxer\SparseBitSet\1.2\SparseBitSet-1.2.jar;C:\Users\Honey\.m2\repository\org\apache\poi\poi-ooxml\4.1.2\poi-ooxml-4.1.2.jar;C:\Users\Honey\.m2\repository\org\apache\poi\poi-ooxml-schemas\4.1.2\poi-ooxml-schemas-4.1.2.jar;C:\Users\Honey\.m2\repository\org\apache\xmlbeans\xmlbeans\3.1.0\xmlbeans-3.1.0.jar;C:\Users\Honey\.m2\repository\org\apache\commons\commons-compress\1.19\commons-compress-1.19.jar;C:\Users\Honey\.m2\repository\com\github\virtuald\curvesapi\1.06\curvesapi-1.06.jar;C:\Users\Honey\.m2\repository\io\testproject\java-sdk\0.63.2-RELEASE\java-sdk-0.63.2-RELEASE-sources.jar;C:\Users\Honey\.m2\repository\io\appium\java-client\7.3.0\java-client-7.3.0.jar;C:\Users\Honey\.m2\repository\cglib\cglib\3.2.12\cglib-3.2.12.jar;C:\Users\Honey\.m2\repository\org\ow2\asm\asm\7.1\asm-7.1.jar;C:\Users\Honey\.m2\repository\commons-validator\commons-validator\1.6\commons-validator-1.6.jar;C:\Users\Honey\.m2\repository\commons-beanutils\commons-beanutils\1.9.2\commons-beanutils-1.9.2.jar;C:\Users\Honey\.m2\repository\commons-digester\commons-digester\1.8.1\commons-digester-1.8.1.jar;C:\Users\Honey\.m2\repository\commons-collections\commons-collections\3.2.2\commons-collections-3.2.2.jar;C:\Users\Honey\.m2\repository\org\springframework\spring-context\5.1.8.RELEASE\spring-context-5.1.8.RELEASE.jar;C:\Users\Honey\.m2\repository\org\springframework\spring-aop\5.1.8.RELEASE\spring-aop-5.1.8.RELEASE.jar;C:\Users\Honey\.m2\repository\org\springframework\spring-beans\5.1.8.RELEASE\spring-beans-5.1.8.RELEASE.jar;C:\Users\Honey\.m2\repository\org\springframework\spring-core\5.1.8.RELEASE\spring-core-5.1.8.RELEASE.jar;C:\Users\Honey\.m2\repository\org\springframework\spring-jcl\5.1.8.RELEASE\spring-jcl-5.1.8.RELEASE.jar;C:\Users\Honey\.m2\repository\org\springframework\spring-expression\5.1.8.RELEASE\spring-expression-5.1.8.RELEASE.jar;C:\Users\Honey\.m2\repository\org\aspectj\aspectjweaver\1.9.4\aspectjweaver-1.9.4.jar;C:\Users\Honey\.m2\repository\com\github\spotbugs\spotbugs-annotations\4.0.2\spotbugs-annotations-4.0.2.jar;C:\Users\Honey\.m2\repository\com\google\code\findbugs\jsr305\3.0.2\jsr305-3.0.2.jar;C:\Users\Honey\.m2\repository\org\seleniumhq\selenium\selenium-java\3.141.59\selenium-java-3.141.59.jar;C:\Users\Honey\.m2\repository\org\seleniumhq\selenium\selenium-api\3.141.59\selenium-api-3.141.59.jar;C:\Users\Honey\.m2\repository\org\seleniumhq\selenium\selenium-edge-driver\3.141.59\selenium-edge-driver-3.141.59.jar;C:\Users\Honey\.m2\repository\org\seleniumhq\selenium\selenium-opera-driver\3.141.59\selenium-opera-driver-3.141.59.jar;C:\Users\Honey\.m2\repository\org\seleniumhq\selenium\selenium-remote-driver\3.141.59\selenium-remote-driver-3.141.59.jar;C:\Users\Honey\.m2\repository\org\seleniumhq\selenium\selenium-support\3.141.59\selenium-support-3.141.59.jar;C:\Users\Honey\.m2\repository\net\bytebuddy\byte-buddy\1.8.15\byte-buddy-1.8.15.jar;C:\Users\Honey\.m2\repository\org\apache\commons\commons-exec\1.3\commons-exec-1.3.jar;C:\Users\Honey\.m2\repository\com\google\guava\guava\25.0-jre\guava-25.0-jre.jar;C:\Users\Honey\.m2\repository\org\checkerframework\checker-compat-qual\2.0.0\checker-compat-qual-2.0.0.jar;C:\Users\Honey\.m2\repository\com\google\errorprone\error_prone_annotations\2.1.3\error_prone_annotations-2.1.3.jar;C:\Users\Honey\.m2\repository\com\google\j2objc\j2objc-annotations\1.1\j2objc-annotations-1.1.jar;C:\Users\Honey\.m2\repository\org\codehaus\mojo\animal-sniffer-annotations\1.14\animal-sniffer-annotations-1.14.jar;C:\Users\Honey\.m2\repository\com\squareup\okhttp3\okhttp\3.11.0\okhttp-3.11.0.jar;C:\Users\Honey\.m2\repository\com\squareup\okio\okio\1.14.0\okio-1.14.0.jar;C:\Users\Honey\.m2\repository\org\seleniumhq\selenium\selenium-firefox-driver\3.141.59\selenium-firefox-driver-3.141.59.jar;C:\Users\Honey\.m2\repository\org\seleniumhq\selenium\selenium-safari-driver\3.141.59\selenium-safari-driver-3.141.59.jar;C:\Users\Honey\.m2\repository\org\seleniumhq\selenium\selenium-ie-driver\3.141.59\selenium-ie-driver-3.141.59.jar;C:\Users\Honey\.m2\repository\org\seleniumhq\selenium\selenium-chrome-driver\3.141.5\selenium-chrome-driver-3.141.5.jar;C:\Users\Honey\.m2\repository\io\github\bonigarcia\webdrivermanager\3.6.1\webdrivermanager-3.6.1.jar;C:\Users\Honey\.m2\repository\commons-io\commons-io\2.6\commons-io-2.6.jar;C:\Users\Honey\.m2\repository\com\google\code\gson\gson\2.8.5\gson-2.8.5.jar;C:\Users\Honey\.m2\repository\org\apache\commons\commons-lang3\3.8.1\commons-lang3-3.8.1.jar;C:\Users\Honey\.m2\repository\org\apache\httpcomponents\httpclient\4.5.6\httpclient-4.5.6.jar;C:\Users\Honey\.m2\repository\org\apache\httpcomponents\httpcore\4.4.10\httpcore-4.4.10.jar;C:\Users\Honey\.m2\repository\commons-logging\commons-logging\1.2\commons-logging-1.2.jar;C:\Users\Honey\.m2\repository\org\rauschig\jarchivelib\1.0.0\jarchivelib-1.0.0.jar;C:\Users\Honey\.m2\repository\org\jsoup\jsoup\1.11.3\jsoup-1.11.3.jar;C:\Users\Honey\.m2\repository\org\slf4j\slf4j-api\1.6.0\slf4j-api-1.6.0.jar;C:\Users\Honey\.m2\repository\org\slf4j\slf4j-jdk14\1.7.25\slf4j-jdk14-1.7.25.jar;C:\Users\Honey\.m2\repository\io\qameta\allure\allure-testng\2.13.3\allure-testng-2.13.3.jar;C:\Users\Honey\.m2\repository\io\qameta\allure\allure-java-commons\2.13.3\allure-java-commons-2.13.3.jar;C:\Users\Honey\.m2\repository\io\qameta\allure\allure-model\2.13.3\allure-model-2.13.3.jar;C:\Users\Honey\.m2\repository\com\fasterxml\jackson\core\jackson-databind\2.9.8\jackson-databind-2.9.8.jar;C:\Users\Honey\.m2\repository\com\fasterxml\jackson\core\jackson-annotations\2.9.0\jackson-annotations-2.9.0.jar;C:\Users\Honey\.m2\repository\com\fasterxml\jackson\core\jackson-core\2.9.8\jackson-core-2.9.8.jar;C:\Users\Honey\.m2\repository\org\apache\tika\tika-core\1.20\tika-core-1.20.jar;C:\Users\Honey\.m2\repository\org\jooq\joor-java-8\0.9.10\joor-java-8-0.9.10.jar;C:\Users\Honey\.m2\repository\mysql\mysql-connector-java\8.0.21\mysql-connector-java-8.0.21.jar;C:\Users\Honey\.m2\repository\com\google\protobuf\protobuf-java\3.11.4\protobuf-java-3.11.4.jar;"/>
    <property name="java.vm.vendor" value="Oracle Corporation"/>
    <property name="sun.arch.data.model" value="64"/>
    <property name="user.variant" value=""/>
    <property name="java.vendor.url" value="http://java.oracle.com/"/>
    <property name="user.timezone" value="Asia/Calcutta"/>
    <property name="java.vm.specification.version" value="1.8"/>
    <property name="os.name" value="Windows 10"/>
    <property name="user.country" value="IN"/>
    <property name="sun.java.launcher" value="SUN_STANDARD"/>
    <property name="sun.boot.library.path" value="C:\Program Files\Java\jdk1.8.0_181\jre\bin"/>
    <property name="sun.java.command" value="C:\Users\Honey\AppData\Local\Temp\surefire1116776453797345773\surefirebooter2263547386372635845.jar C:\Users\Honey\AppData\Local\Temp\surefire1116776453797345773 2020-07-24T18-12-43_984-jvmRun1 surefire642011776057116985tmp surefire_01157525851298383028tmp"/>
    <property name="surefire.test.class.path" value="C:\Users\Honey\Desktop\droomWorkspace\droom-automation\target\test-classes;C:\Users\Honey\Desktop\droomWorkspace\droom-automation\target\classes;C:\Users\Honey\.m2\repository\org\testng\testng\7.1.0\testng-7.1.0.jar;C:\Users\Honey\.m2\repository\com\beust\jcommander\1.72\jcommander-1.72.jar;C:\Users\Honey\.m2\repository\com\google\inject\guice\4.1.0\guice-4.1.0-no_aop.jar;C:\Users\Honey\.m2\repository\javax\inject\javax.inject\1\javax.inject-1.jar;C:\Users\Honey\.m2\repository\aopalliance\aopalliance\1.0\aopalliance-1.0.jar;C:\Users\Honey\.m2\repository\org\yaml\snakeyaml\1.21\snakeyaml-1.21.jar;C:\Users\Honey\.m2\repository\org\apache\poi\poi\4.1.2\poi-4.1.2.jar;C:\Users\Honey\.m2\repository\commons-codec\commons-codec\1.13\commons-codec-1.13.jar;C:\Users\Honey\.m2\repository\org\apache\commons\commons-collections4\4.4\commons-collections4-4.4.jar;C:\Users\Honey\.m2\repository\org\apache\commons\commons-math3\3.6.1\commons-math3-3.6.1.jar;C:\Users\Honey\.m2\repository\com\zaxxer\SparseBitSet\1.2\SparseBitSet-1.2.jar;C:\Users\Honey\.m2\repository\org\apache\poi\poi-ooxml\4.1.2\poi-ooxml-4.1.2.jar;C:\Users\Honey\.m2\repository\org\apache\poi\poi-ooxml-schemas\4.1.2\poi-ooxml-schemas-4.1.2.jar;C:\Users\Honey\.m2\repository\org\apache\xmlbeans\xmlbeans\3.1.0\xmlbeans-3.1.0.jar;C:\Users\Honey\.m2\repository\org\apache\commons\commons-compress\1.19\commons-compress-1.19.jar;C:\Users\Honey\.m2\repository\com\github\virtuald\curvesapi\1.06\curvesapi-1.06.jar;C:\Users\Honey\.m2\repository\io\testproject\java-sdk\0.63.2-RELEASE\java-sdk-0.63.2-RELEASE-sources.jar;C:\Users\Honey\.m2\repository\io\appium\java-client\7.3.0\java-client-7.3.0.jar;C:\Users\Honey\.m2\repository\cglib\cglib\3.2.12\cglib-3.2.12.jar;C:\Users\Honey\.m2\repository\org\ow2\asm\asm\7.1\asm-7.1.jar;C:\Users\Honey\.m2\repository\commons-validator\commons-validator\1.6\commons-validator-1.6.jar;C:\Users\Honey\.m2\repository\commons-beanutils\commons-beanutils\1.9.2\commons-beanutils-1.9.2.jar;C:\Users\Honey\.m2\repository\commons-digester\commons-digester\1.8.1\commons-digester-1.8.1.jar;C:\Users\Honey\.m2\repository\commons-collections\commons-collections\3.2.2\commons-collections-3.2.2.jar;C:\Users\Honey\.m2\repository\org\springframework\spring-context\5.1.8.RELEASE\spring-context-5.1.8.RELEASE.jar;C:\Users\Honey\.m2\repository\org\springframework\spring-aop\5.1.8.RELEASE\spring-aop-5.1.8.RELEASE.jar;C:\Users\Honey\.m2\repository\org\springframework\spring-beans\5.1.8.RELEASE\spring-beans-5.1.8.RELEASE.jar;C:\Users\Honey\.m2\repository\org\springframework\spring-core\5.1.8.RELEASE\spring-core-5.1.8.RELEASE.jar;C:\Users\Honey\.m2\repository\org\springframework\spring-jcl\5.1.8.RELEASE\spring-jcl-5.1.8.RELEASE.jar;C:\Users\Honey\.m2\repository\org\springframework\spring-expression\5.1.8.RELEASE\spring-expression-5.1.8.RELEASE.jar;C:\Users\Honey\.m2\repository\org\aspectj\aspectjweaver\1.9.4\aspectjweaver-1.9.4.jar;C:\Users\Honey\.m2\repository\com\github\spotbugs\spotbugs-annotations\4.0.2\spotbugs-annotations-4.0.2.jar;C:\Users\Honey\.m2\repository\com\google\code\findbugs\jsr305\3.0.2\jsr305-3.0.2.jar;C:\Users\Honey\.m2\repository\org\seleniumhq\selenium\selenium-java\3.141.59\selenium-java-3.141.59.jar;C:\Users\Honey\.m2\repository\org\seleniumhq\selenium\selenium-api\3.141.59\selenium-api-3.141.59.jar;C:\Users\Honey\.m2\repository\org\seleniumhq\selenium\selenium-edge-driver\3.141.59\selenium-edge-driver-3.141.59.jar;C:\Users\Honey\.m2\repository\org\seleniumhq\selenium\selenium-opera-driver\3.141.59\selenium-opera-driver-3.141.59.jar;C:\Users\Honey\.m2\repository\org\seleniumhq\selenium\selenium-remote-driver\3.141.59\selenium-remote-driver-3.141.59.jar;C:\Users\Honey\.m2\repository\org\seleniumhq\selenium\selenium-support\3.141.59\selenium-support-3.141.59.jar;C:\Users\Honey\.m2\repository\net\bytebuddy\byte-buddy\1.8.15\byte-buddy-1.8.15.jar;C:\Users\Honey\.m2\repository\org\apache\commons\commons-exec\1.3\commons-exec-1.3.jar;C:\Users\Honey\.m2\repository\com\google\guava\guava\25.0-jre\guava-25.0-jre.jar;C:\Users\Honey\.m2\repository\org\checkerframework\checker-compat-qual\2.0.0\checker-compat-qual-2.0.0.jar;C:\Users\Honey\.m2\repository\com\google\errorprone\error_prone_annotations\2.1.3\error_prone_annotations-2.1.3.jar;C:\Users\Honey\.m2\repository\com\google\j2objc\j2objc-annotations\1.1\j2objc-annotations-1.1.jar;C:\Users\Honey\.m2\repository\org\codehaus\mojo\animal-sniffer-annotations\1.14\animal-sniffer-annotations-1.14.jar;C:\Users\Honey\.m2\repository\com\squareup\okhttp3\okhttp\3.11.0\okhttp-3.11.0.jar;C:\Users\Honey\.m2\repository\com\squareup\okio\okio\1.14.0\okio-1.14.0.jar;C:\Users\Honey\.m2\repository\org\seleniumhq\selenium\selenium-firefox-driver\3.141.59\selenium-firefox-driver-3.141.59.jar;C:\Users\Honey\.m2\repository\org\seleniumhq\selenium\selenium-safari-driver\3.141.59\selenium-safari-driver-3.141.59.jar;C:\Users\Honey\.m2\repository\org\seleniumhq\selenium\selenium-ie-driver\3.141.59\selenium-ie-driver-3.141.59.jar;C:\Users\Honey\.m2\repository\org\seleniumhq\selenium\selenium-chrome-driver\3.141.5\selenium-chrome-driver-3.141.5.jar;C:\Users\Honey\.m2\repository\io\github\bonigarcia\webdrivermanager\3.6.1\webdrivermanager-3.6.1.jar;C:\Users\Honey\.m2\repository\commons-io\commons-io\2.6\commons-io-2.6.jar;C:\Users\Honey\.m2\repository\com\google\code\gson\gson\2.8.5\gson-2.8.5.jar;C:\Users\Honey\.m2\repository\org\apache\commons\commons-lang3\3.8.1\commons-lang3-3.8.1.jar;C:\Users\Honey\.m2\repository\org\apache\httpcomponents\httpclient\4.5.6\httpclient-4.5.6.jar;C:\Users\Honey\.m2\repository\org\apache\httpcomponents\httpcore\4.4.10\httpcore-4.4.10.jar;C:\Users\Honey\.m2\repository\commons-logging\commons-logging\1.2\commons-logging-1.2.jar;C:\Users\Honey\.m2\repository\org\rauschig\jarchivelib\1.0.0\jarchivelib-1.0.0.jar;C:\Users\Honey\.m2\repository\org\jsoup\jsoup\1.11.3\jsoup-1.11.3.jar;C:\Users\Honey\.m2\repository\org\slf4j\slf4j-api\1.6.0\slf4j-api-1.6.0.jar;C:\Users\Honey\.m2\repository\org\slf4j\slf4j-jdk14\1.7.25\slf4j-jdk14-1.7.25.jar;C:\Users\Honey\.m2\repository\io\qameta\allure\allure-testng\2.13.3\allure-testng-2.13.3.jar;C:\Users\Honey\.m2\repository\io\qameta\allure\allure-java-commons\2.13.3\allure-java-commons-2.13.3.jar;C:\Users\Honey\.m2\repository\io\qameta\allure\allure-model\2.13.3\allure-model-2.13.3.jar;C:\Users\Honey\.m2\repository\com\fasterxml\jackson\core\jackson-databind\2.9.8\jackson-databind-2.9.8.jar;C:\Users\Honey\.m2\repository\com\fasterxml\jackson\core\jackson-annotations\2.9.0\jackson-annotations-2.9.0.jar;C:\Users\Honey\.m2\repository\com\fasterxml\jackson\core\jackson-core\2.9.8\jackson-core-2.9.8.jar;C:\Users\Honey\.m2\repository\org\apache\tika\tika-core\1.20\tika-core-1.20.jar;C:\Users\Honey\.m2\repository\org\jooq\joor-java-8\0.9.10\joor-java-8-0.9.10.jar;C:\Users\Honey\.m2\repository\mysql\mysql-connector-java\8.0.21\mysql-connector-java-8.0.21.jar;C:\Users\Honey\.m2\repository\com\google\protobuf\protobuf-java\3.11.4\protobuf-java-3.11.4.jar;"/>
    <property name="sun.cpu.endian" value="little"/>
    <property name="user.home" value="C:\Users\Honey"/>
    <property name="user.language" value="en"/>
    <property name="java.specification.vendor" value="Oracle Corporation"/>
    <property name="java.home" value="C:\Program Files\Java\jdk1.8.0_181\jre"/>
    <property name="basedir" value="C:\Users\Honey\Desktop\droomWorkspace\droom-automation"/>
    <property name="file.separator" value="\"/>
    <property name="line.separator" value="&#10;"/>
    <property name="java.vm.specification.vendor" value="Oracle Corporation"/>
    <property name="java.specification.name" value="Java Platform API Specification"/>
    <property name="java.awt.graphicsenv" value="sun.awt.Win32GraphicsEnvironment"/>
    <property name="surefire.real.class.path" value="C:\Users\Honey\AppData\Local\Temp\surefire1116776453797345773\surefirebooter2263547386372635845.jar"/>
    <property name="sun.boot.class.path" value="C:\Program Files\Java\jdk1.8.0_181\jre\lib\resources.jar;C:\Program Files\Java\jdk1.8.0_181\jre\lib\rt.jar;C:\Program Files\Java\jdk1.8.0_181\jre\lib\sunrsasign.jar;C:\Program Files\Java\jdk1.8.0_181\jre\lib\jsse.jar;C:\Program Files\Java\jdk1.8.0_181\jre\lib\jce.jar;C:\Program Files\Java\jdk1.8.0_181\jre\lib\charsets.jar;C:\Program Files\Java\jdk1.8.0_181\jre\lib\jfr.jar;C:\Program Files\Java\jdk1.8.0_181\jre\classes"/>
    <property name="user.script" value=""/>
    <property name="sun.management.compiler" value="HotSpot 64-Bit Tiered Compilers"/>
    <property name="java.runtime.version" value="1.8.0_181-b13"/>
    <property name="user.name" value="Honey"/>
    <property name="path.separator" value=";"/>
    <property name="os.version" value="10.0"/>
    <property name="java.endorsed.dirs" value="C:\Program Files\Java\jdk1.8.0_181\jre\lib\endorsed"/>
    <property name="java.runtime.name" value="Java(TM) SE Runtime Environment"/>
    <property name="file" value="src/test/resources/xml/testng.xml"/>
    <property name="file.encoding" value="Cp1252"/>
    <property name="java.vm.name" value="Java HotSpot(TM) 64-Bit Server VM"/>
    <property name="localRepository" value="C:\Users\Honey\.m2\repository"/>
    <property name="java.vendor.url.bug" value="http://bugreport.sun.com/bugreport/"/>
    <property name="java.io.tmpdir" value="C:\Users\Honey\AppData\Local\Temp\"/>
    <property name="java.version" value="1.8.0_181"/>
    <property name="user.dir" value="C:\Users\Honey\Desktop\droomWorkspace\droom-automation"/>
    <property name="os.arch" value="amd64"/>
    <property name="java.vm.specification.name" value="Java Virtual Machine Specification"/>
    <property name="java.awt.printerjob" value="sun.awt.windows.WPrinterJob"/>
    <property name="sun.os.patch.level" value=""/>
    <property name="java.library.path" value="C:\Program Files\Java\jdk1.8.0_181\jre\bin;C:\WINDOWS\Sun\Java\bin;C:\WINDOWS\system32;C:\WINDOWS;C:\Program Files\Java\jdk1.8.0_181\bin;C:\Program Files\Git\cmd;C:\New folder\apache-maven-3.6.3\bin;C:\Windows\System32\cmd.exe;C:\allure-2.13.2\bin;C:\Program Files\nodejs\;C:\Users\Honey\AppData\Local\Android\Sdk\platform-tools;;C:\WINDOWS\system32;C:\WINDOWS;C:\WINDOWS\System32\Wbem;C:\WINDOWS\System32\WindowsPowerShell\v1.0\;C:\WINDOWS\System32\OpenSSH\;C:\Program Files\PuTTY\;C:\Program Files\Java\jdk1.8.0_181\bin;C:\Users\Honey\AppData\Local\GitHubDesktop\bin;C:\Users\Honey\AppData\Roaming\npm;%USERPROFILE%\AppData\Local\Microsoft\WindowsApps;;."/>
    <property name="java.vm.info" value="mixed mode"/>
    <property name="java.vendor" value="Oracle Corporation"/>
    <property name="java.vm.version" value="25.181-b13"/>
    <property name="java.ext.dirs" value="C:\Program Files\Java\jdk1.8.0_181\jre\lib\ext;C:\WINDOWS\Sun\Java\lib\ext"/>
    <property name="sun.io.unicode.encoding" value="UnicodeLittle"/>
    <property name="java.class.version" value="52.0"/>
  </properties>
  <testcase name="loginAsIndividualUserViaPassword" classname="com.droom.automation.UserLoginTest" time="32.795">
    <system-out><![CDATA[Info : Page load completed Successfully ..
My Account is displaying hence verified
]]></system-out>
    <system-err><![CDATA[Jul 24, 2020 6:12:47 PM com.droom.automation.lib.AbstractBaseTest beforeSuite
INFO: IN BEFORE SUITE ======>
Jul 24, 2020 6:12:47 PM com.droom.automation.lib.AbstractBaseTest beforeTest
INFO: IN BEFORE TEST ======>
Jul 24, 2020 6:12:47 PM com.droom.automation.lib.AbstractBaseTest beforeTest
INFO: -------------- Before Test -----------------
Jul 24, 2020 6:12:47 PM com.droom.automation.lib.AbstractBaseTest init
INFO: IN BEFORE METHOD ======>
Jul 24, 2020 6:12:47 PM java.util.prefs.WindowsPreferences <init>
WARNING: Could not open/create prefs root node Software\JavaSoft\Prefs at root 0x80000002. Windows RegCreateKeyEx(...) returned error code 5.
Jul 24, 2020 6:12:48 PM io.github.bonigarcia.wdm.WebDriverManager detectDriverVersionFromBrowser
INFO: Using chromedriver 84.0.4147.30 (since Google Chrome 84 is installed in your machine)
Jul 24, 2020 6:12:48 PM io.github.bonigarcia.wdm.WebDriverManager exportDriver
INFO: Exporting webdriver.chrome.driver as C:\Users\Honey\.m2\repository\webdriver\chromedriver\win32\84.0.4147.30\chromedriver.exe
Jul 24, 2020 6:12:48 PM com.droom.automation.lib.WebDriverFactory getChromeDriver
INFO: SET THE DOWNLOAD DIRECTORY
Jul 24, 2020 6:12:48 PM com.droom.automation.lib.WebDriverFactory getChromeDriver
INFO: SET THE BROWSER CAPABILITIES
Jul 24, 2020 6:12:48 PM com.droom.automation.lib.WebDriverFactory getChromeDriver
INFO: Instantiating a Driver to Chrome
Starting ChromeDriver 83.0.4103.39 (ccbf011cb2d2b19b506d844400483861342c20cd-refs/branch-heads/4103@{#416}) on port 44650
Only local connections are allowed.
Please see https://chromedriver.chromium.org/security-considerations for suggestions on keeping ChromeDriver safe.
ChromeDriver was started successfully.
[1595594570.823][WARNING]: This version of ChromeDriver has not been tested with Chrome version 84.
Jul 24, 2020 6:12:52 PM org.openqa.selenium.remote.ProtocolHandshake createSession
INFO: Detected dialect: W3C
Jul 24, 2020 6:12:54 PM com.droom.automation.lib.WebDriverFactory getWebDriverInstance
INFO: configure remote driver with machine ip-address
Jul 24, 2020 6:12:54 PM com.droom.automation.lib.WebDriverFactory startDriver
INFO: Info : ...... Start opening application in browser .....
]]></system-err>
  </testcase>
  <testcase name="inValidIDloginAsIndividualUserViaPassword" classname="com.droom.automation.UserLoginTest" time="9.914">
    <system-out><![CDATA[Info : Page load completed Successfully ..
Incorrect Email or Password is displaying hence verified
]]></system-out>
    <system-err><![CDATA[Jul 24, 2020 6:13:50 PM com.droom.automation.lib.AbstractBaseTest afterMethod
INFO: IN AFTER METHOD ======>
Jul 24, 2020 6:13:50 PM com.droom.automation.lib.AbstractBaseTest afterMethod
INFO: QUIT DRIVER
Jul 24, 2020 6:13:50 PM com.droom.automation.lib.WebDriverFactory closeDriver
INFO: Closing browser and application ...
Jul 24, 2020 6:13:51 PM com.droom.automation.lib.WebDriverFactory closeDriver
INFO: WEBDRIVER SET TO NULL
Jul 24, 2020 6:13:51 PM com.droom.automation.lib.AbstractBaseTest init
INFO: IN BEFORE METHOD ======>
Jul 24, 2020 6:13:51 PM io.github.bonigarcia.wdm.WebDriverManager detectDriverVersionFromBrowser
INFO: Using chromedriver 84.0.4147.30 (since Google Chrome 84 is installed in your machine)
Jul 24, 2020 6:13:51 PM io.github.bonigarcia.wdm.WebDriverManager exportDriver
INFO: Exporting webdriver.chrome.driver as C:\Users\Honey\.m2\repository\webdriver\chromedriver\win32\84.0.4147.30\chromedriver.exe
Jul 24, 2020 6:13:51 PM com.droom.automation.lib.WebDriverFactory getChromeDriver
INFO: SET THE DOWNLOAD DIRECTORY
Jul 24, 2020 6:13:51 PM com.droom.automation.lib.WebDriverFactory getChromeDriver
INFO: SET THE BROWSER CAPABILITIES
Jul 24, 2020 6:13:51 PM com.droom.automation.lib.WebDriverFactory getChromeDriver
INFO: Instantiating a Driver to Chrome
Starting ChromeDriver 83.0.4103.39 (ccbf011cb2d2b19b506d844400483861342c20cd-refs/branch-heads/4103@{#416}) on port 45313
Only local connections are allowed.
Please see https://chromedriver.chromium.org/security-considerations for suggestions on keeping ChromeDriver safe.
ChromeDriver was started successfully.
[1595594632.976][WARNING]: This version of ChromeDriver has not been tested with Chrome version 84.
Jul 24, 2020 6:13:55 PM org.openqa.selenium.remote.ProtocolHandshake createSession
INFO: Detected dialect: W3C
Jul 24, 2020 6:13:57 PM com.droom.automation.lib.WebDriverFactory getWebDriverInstance
INFO: configure remote driver with machine ip-address
Jul 24, 2020 6:13:57 PM com.droom.automation.lib.WebDriverFactory startDriver
INFO: Info : ...... Start opening application in browser .....
]]></system-err>
  </testcase>
  <testcase name="inValidPasswordloginAsIndividualUserViaPassword" classname="com.droom.automation.UserLoginTest" time="21.287">
    <system-out><![CDATA[Info : Page load completed Successfully ..
Incorrect Email or Password is displaying hence verified
]]></system-out>
    <system-err><![CDATA[Jul 24, 2020 6:14:24 PM com.droom.automation.lib.AbstractBaseTest afterMethod
INFO: IN AFTER METHOD ======>
Jul 24, 2020 6:14:24 PM com.droom.automation.lib.AbstractBaseTest afterMethod
INFO: QUIT DRIVER
Jul 24, 2020 6:14:24 PM com.droom.automation.lib.WebDriverFactory closeDriver
INFO: Closing browser and application ...
Jul 24, 2020 6:14:25 PM com.droom.automation.lib.WebDriverFactory closeDriver
INFO: WEBDRIVER SET TO NULL
Jul 24, 2020 6:14:25 PM com.droom.automation.lib.AbstractBaseTest init
INFO: IN BEFORE METHOD ======>
Jul 24, 2020 6:14:25 PM io.github.bonigarcia.wdm.WebDriverManager detectDriverVersionFromBrowser
INFO: Using chromedriver 84.0.4147.30 (since Google Chrome 84 is installed in your machine)
Jul 24, 2020 6:14:25 PM io.github.bonigarcia.wdm.WebDriverManager exportDriver
INFO: Exporting webdriver.chrome.driver as C:\Users\Honey\.m2\repository\webdriver\chromedriver\win32\84.0.4147.30\chromedriver.exe
Jul 24, 2020 6:14:25 PM com.droom.automation.lib.WebDriverFactory getChromeDriver
INFO: SET THE DOWNLOAD DIRECTORY
Jul 24, 2020 6:14:25 PM com.droom.automation.lib.WebDriverFactory getChromeDriver
INFO: SET THE BROWSER CAPABILITIES
Jul 24, 2020 6:14:25 PM com.droom.automation.lib.WebDriverFactory getChromeDriver
INFO: Instantiating a Driver to Chrome
Starting ChromeDriver 83.0.4103.39 (ccbf011cb2d2b19b506d844400483861342c20cd-refs/branch-heads/4103@{#416}) on port 5157
Only local connections are allowed.
Please see https://chromedriver.chromium.org/security-considerations for suggestions on keeping ChromeDriver safe.
ChromeDriver was started successfully.
[1595594666.561][WARNING]: This version of ChromeDriver has not been tested with Chrome version 84.
Jul 24, 2020 6:14:28 PM org.openqa.selenium.remote.ProtocolHandshake createSession
INFO: Detected dialect: W3C
Jul 24, 2020 6:14:30 PM com.droom.automation.lib.WebDriverFactory getWebDriverInstance
INFO: configure remote driver with machine ip-address
Jul 24, 2020 6:14:30 PM com.droom.automation.lib.WebDriverFactory startDriver
INFO: Info : ...... Start opening application in browser .....
]]></system-err>
  </testcase>
  <testcase name="loginAsIndividualUserViaOTP" classname="com.droom.automation.UserLoginTest" time="42.662">
    <system-out><![CDATA[Info : Page load completed Successfully ..
connected
7268
7268
7268
My Account is displaying hence verified
]]></system-out>
    <system-err><![CDATA[Jul 24, 2020 6:15:29 PM com.droom.automation.lib.AbstractBaseTest afterMethod
INFO: IN AFTER METHOD ======>
Jul 24, 2020 6:15:29 PM com.droom.automation.lib.AbstractBaseTest afterMethod
INFO: QUIT DRIVER
Jul 24, 2020 6:15:29 PM com.droom.automation.lib.WebDriverFactory closeDriver
INFO: Closing browser and application ...
Jul 24, 2020 6:15:30 PM com.droom.automation.lib.WebDriverFactory closeDriver
INFO: WEBDRIVER SET TO NULL
Jul 24, 2020 6:15:30 PM com.droom.automation.lib.AbstractBaseTest init
INFO: IN BEFORE METHOD ======>
Jul 24, 2020 6:15:30 PM io.github.bonigarcia.wdm.WebDriverManager detectDriverVersionFromBrowser
INFO: Using chromedriver 84.0.4147.30 (since Google Chrome 84 is installed in your machine)
Jul 24, 2020 6:15:30 PM io.github.bonigarcia.wdm.WebDriverManager exportDriver
INFO: Exporting webdriver.chrome.driver as C:\Users\Honey\.m2\repository\webdriver\chromedriver\win32\84.0.4147.30\chromedriver.exe
Jul 24, 2020 6:15:30 PM com.droom.automation.lib.WebDriverFactory getChromeDriver
INFO: SET THE DOWNLOAD DIRECTORY
Jul 24, 2020 6:15:30 PM com.droom.automation.lib.WebDriverFactory getChromeDriver
INFO: SET THE BROWSER CAPABILITIES
Jul 24, 2020 6:15:30 PM com.droom.automation.lib.WebDriverFactory getChromeDriver
INFO: Instantiating a Driver to Chrome
Starting ChromeDriver 83.0.4103.39 (ccbf011cb2d2b19b506d844400483861342c20cd-refs/branch-heads/4103@{#416}) on port 48280
Only local connections are allowed.
Please see https://chromedriver.chromium.org/security-considerations for suggestions on keeping ChromeDriver safe.
ChromeDriver was started successfully.
[1595594731.836][WARNING]: This version of ChromeDriver has not been tested with Chrome version 84.
Jul 24, 2020 6:15:33 PM org.openqa.selenium.remote.ProtocolHandshake createSession
INFO: Detected dialect: W3C
Jul 24, 2020 6:15:35 PM com.droom.automation.lib.WebDriverFactory getWebDriverInstance
INFO: configure remote driver with machine ip-address
Jul 24, 2020 6:15:35 PM com.droom.automation.lib.WebDriverFactory startDriver
INFO: Info : ...... Start opening application in browser .....
Loading class `com.mysql.jdbc.Driver'. This is deprecated. The new driver class is `com.mysql.cj.jdbc.Driver'. The driver is automatically registered via the SPI and manual loading of the driver class is generally unnecessary.
]]></system-err>
  </testcase>
  <testcase name="inValidOTPloginAsIndividualUserViaOTP" classname="com.droom.automation.UserLoginTest" time="20.702">
    <system-out><![CDATA[Info : Page load completed Successfully ..
Invalid OTP code. is displaying hence verified
]]></system-out>
    <system-err><![CDATA[Jul 24, 2020 6:16:37 PM com.droom.automation.lib.AbstractBaseTest afterMethod
INFO: IN AFTER METHOD ======>
Jul 24, 2020 6:16:37 PM com.droom.automation.lib.AbstractBaseTest afterMethod
INFO: QUIT DRIVER
Jul 24, 2020 6:16:37 PM com.droom.automation.lib.WebDriverFactory closeDriver
INFO: Closing browser and application ...
Jul 24, 2020 6:16:38 PM com.droom.automation.lib.WebDriverFactory closeDriver
INFO: WEBDRIVER SET TO NULL
Jul 24, 2020 6:16:38 PM com.droom.automation.lib.AbstractBaseTest init
INFO: IN BEFORE METHOD ======>
Jul 24, 2020 6:16:38 PM io.github.bonigarcia.wdm.WebDriverManager detectDriverVersionFromBrowser
INFO: Using chromedriver 84.0.4147.30 (since Google Chrome 84 is installed in your machine)
Jul 24, 2020 6:16:38 PM io.github.bonigarcia.wdm.WebDriverManager exportDriver
INFO: Exporting webdriver.chrome.driver as C:\Users\Honey\.m2\repository\webdriver\chromedriver\win32\84.0.4147.30\chromedriver.exe
Jul 24, 2020 6:16:38 PM com.droom.automation.lib.WebDriverFactory getChromeDriver
INFO: SET THE DOWNLOAD DIRECTORY
Jul 24, 2020 6:16:38 PM com.droom.automation.lib.WebDriverFactory getChromeDriver
INFO: SET THE BROWSER CAPABILITIES
Jul 24, 2020 6:16:38 PM com.droom.automation.lib.WebDriverFactory getChromeDriver
INFO: Instantiating a Driver to Chrome
Starting ChromeDriver 83.0.4103.39 (ccbf011cb2d2b19b506d844400483861342c20cd-refs/branch-heads/4103@{#416}) on port 26215
Only local connections are allowed.
Please see https://chromedriver.chromium.org/security-considerations for suggestions on keeping ChromeDriver safe.
ChromeDriver was started successfully.
[1595594800.053][WARNING]: This version of ChromeDriver has not been tested with Chrome version 84.
Jul 24, 2020 6:16:42 PM org.openqa.selenium.remote.ProtocolHandshake createSession
INFO: Detected dialect: W3C
Jul 24, 2020 6:16:44 PM com.droom.automation.lib.WebDriverFactory getWebDriverInstance
INFO: configure remote driver with machine ip-address
Jul 24, 2020 6:16:44 PM com.droom.automation.lib.WebDriverFactory startDriver
INFO: Info : ...... Start opening application in browser .....
]]></system-err>
  </testcase>
  <testcase name="loginAsProSellerViaPassword" classname="com.droom.automation.UserLoginTest" time="17.828">
    <system-out><![CDATA[Info : Page load completed Successfully ..
Register As a Pro-Seller is displaying hence verified
]]></system-out>
    <system-err><![CDATA[Jul 24, 2020 6:17:17 PM com.droom.automation.lib.AbstractBaseTest afterMethod
INFO: IN AFTER METHOD ======>
Jul 24, 2020 6:17:17 PM com.droom.automation.lib.AbstractBaseTest afterMethod
INFO: QUIT DRIVER
Jul 24, 2020 6:17:17 PM com.droom.automation.lib.WebDriverFactory closeDriver
INFO: Closing browser and application ...
Jul 24, 2020 6:17:18 PM com.droom.automation.lib.WebDriverFactory closeDriver
INFO: WEBDRIVER SET TO NULL
Jul 24, 2020 6:17:18 PM com.droom.automation.lib.AbstractBaseTest init
INFO: IN BEFORE METHOD ======>
Jul 24, 2020 6:17:18 PM io.github.bonigarcia.wdm.WebDriverManager detectDriverVersionFromBrowser
INFO: Using chromedriver 84.0.4147.30 (since Google Chrome 84 is installed in your machine)
Jul 24, 2020 6:17:18 PM io.github.bonigarcia.wdm.WebDriverManager exportDriver
INFO: Exporting webdriver.chrome.driver as C:\Users\Honey\.m2\repository\webdriver\chromedriver\win32\84.0.4147.30\chromedriver.exe
Jul 24, 2020 6:17:18 PM com.droom.automation.lib.WebDriverFactory getChromeDriver
INFO: SET THE DOWNLOAD DIRECTORY
Jul 24, 2020 6:17:18 PM com.droom.automation.lib.WebDriverFactory getChromeDriver
INFO: SET THE BROWSER CAPABILITIES
Jul 24, 2020 6:17:18 PM com.droom.automation.lib.WebDriverFactory getChromeDriver
INFO: Instantiating a Driver to Chrome
Starting ChromeDriver 83.0.4103.39 (ccbf011cb2d2b19b506d844400483861342c20cd-refs/branch-heads/4103@{#416}) on port 28602
Only local connections are allowed.
Please see https://chromedriver.chromium.org/security-considerations for suggestions on keeping ChromeDriver safe.
ChromeDriver was started successfully.
[1595594839.992][WARNING]: This version of ChromeDriver has not been tested with Chrome version 84.
Jul 24, 2020 6:17:22 PM org.openqa.selenium.remote.ProtocolHandshake createSession
INFO: Detected dialect: W3C
Jul 24, 2020 6:17:24 PM com.droom.automation.lib.WebDriverFactory getWebDriverInstance
INFO: configure remote driver with machine ip-address
Jul 24, 2020 6:17:24 PM com.droom.automation.lib.WebDriverFactory startDriver
INFO: Info : ...... Start opening application in browser .....
]]></system-err>
  </testcase>
  <testcase name="inValidLoginIDAsProSellerViaPassword" classname="com.droom.automation.UserLoginTest" time="18.29">
    <system-out><![CDATA[Info : Page load completed Successfully ..
Incorrect Email or Password is displaying hence verified
]]></system-out>
    <system-err><![CDATA[Jul 24, 2020 6:17:57 PM com.droom.automation.lib.AbstractBaseTest afterMethod
INFO: IN AFTER METHOD ======>
Jul 24, 2020 6:17:57 PM com.droom.automation.lib.AbstractBaseTest afterMethod
INFO: QUIT DRIVER
Jul 24, 2020 6:17:57 PM com.droom.automation.lib.WebDriverFactory closeDriver
INFO: Closing browser and application ...
Jul 24, 2020 6:17:58 PM com.droom.automation.lib.WebDriverFactory closeDriver
INFO: WEBDRIVER SET TO NULL
Jul 24, 2020 6:17:58 PM com.droom.automation.lib.AbstractBaseTest init
INFO: IN BEFORE METHOD ======>
Jul 24, 2020 6:17:58 PM io.github.bonigarcia.wdm.WebDriverManager detectDriverVersionFromBrowser
INFO: Using chromedriver 84.0.4147.30 (since Google Chrome 84 is installed in your machine)
Jul 24, 2020 6:17:58 PM io.github.bonigarcia.wdm.WebDriverManager exportDriver
INFO: Exporting webdriver.chrome.driver as C:\Users\Honey\.m2\repository\webdriver\chromedriver\win32\84.0.4147.30\chromedriver.exe
Jul 24, 2020 6:17:58 PM com.droom.automation.lib.WebDriverFactory getChromeDriver
INFO: SET THE DOWNLOAD DIRECTORY
Jul 24, 2020 6:17:58 PM com.droom.automation.lib.WebDriverFactory getChromeDriver
INFO: SET THE BROWSER CAPABILITIES
Jul 24, 2020 6:17:58 PM com.droom.automation.lib.WebDriverFactory getChromeDriver
INFO: Instantiating a Driver to Chrome
Starting ChromeDriver 83.0.4103.39 (ccbf011cb2d2b19b506d844400483861342c20cd-refs/branch-heads/4103@{#416}) on port 15348
Only local connections are allowed.
Please see https://chromedriver.chromium.org/security-considerations for suggestions on keeping ChromeDriver safe.
ChromeDriver was started successfully.
[1595594879.695][WARNING]: This version of ChromeDriver has not been tested with Chrome version 84.
Jul 24, 2020 6:18:01 PM org.openqa.selenium.remote.ProtocolHandshake createSession
INFO: Detected dialect: W3C
Jul 24, 2020 6:18:03 PM com.droom.automation.lib.WebDriverFactory getWebDriverInstance
INFO: configure remote driver with machine ip-address
Jul 24, 2020 6:18:03 PM com.droom.automation.lib.WebDriverFactory startDriver
INFO: Info : ...... Start opening application in browser .....
]]></system-err>
  </testcase>
  <testcase name="inValidLoginPasswordAsProSellerViaPassword" classname="com.droom.automation.UserLoginTest" time="10.673">
    <system-out><![CDATA[Info : Page load completed Successfully ..
Incorrect Email or Password is displaying hence verified
]]></system-out>
    <system-err><![CDATA[Jul 24, 2020 6:18:40 PM com.droom.automation.lib.AbstractBaseTest afterMethod
INFO: IN AFTER METHOD ======>
Jul 24, 2020 6:18:40 PM com.droom.automation.lib.AbstractBaseTest afterMethod
INFO: QUIT DRIVER
Jul 24, 2020 6:18:40 PM com.droom.automation.lib.WebDriverFactory closeDriver
INFO: Closing browser and application ...
Jul 24, 2020 6:18:41 PM com.droom.automation.lib.WebDriverFactory closeDriver
INFO: WEBDRIVER SET TO NULL
Jul 24, 2020 6:18:41 PM com.droom.automation.lib.AbstractBaseTest init
INFO: IN BEFORE METHOD ======>
Jul 24, 2020 6:18:41 PM io.github.bonigarcia.wdm.WebDriverManager detectDriverVersionFromBrowser
INFO: Using chromedriver 84.0.4147.30 (since Google Chrome 84 is installed in your machine)
Jul 24, 2020 6:18:41 PM io.github.bonigarcia.wdm.WebDriverManager exportDriver
INFO: Exporting webdriver.chrome.driver as C:\Users\Honey\.m2\repository\webdriver\chromedriver\win32\84.0.4147.30\chromedriver.exe
Jul 24, 2020 6:18:41 PM com.droom.automation.lib.WebDriverFactory getChromeDriver
INFO: SET THE DOWNLOAD DIRECTORY
Jul 24, 2020 6:18:41 PM com.droom.automation.lib.WebDriverFactory getChromeDriver
INFO: SET THE BROWSER CAPABILITIES
Jul 24, 2020 6:18:41 PM com.droom.automation.lib.WebDriverFactory getChromeDriver
INFO: Instantiating a Driver to Chrome
Starting ChromeDriver 83.0.4103.39 (ccbf011cb2d2b19b506d844400483861342c20cd-refs/branch-heads/4103@{#416}) on port 36966
Only local connections are allowed.
Please see https://chromedriver.chromium.org/security-considerations for suggestions on keeping ChromeDriver safe.
ChromeDriver was started successfully.
[1595594923.037][WARNING]: This version of ChromeDriver has not been tested with Chrome version 84.
Jul 24, 2020 6:18:45 PM org.openqa.selenium.remote.ProtocolHandshake createSession
INFO: Detected dialect: W3C
Jul 24, 2020 6:18:47 PM com.droom.automation.lib.WebDriverFactory getWebDriverInstance
INFO: configure remote driver with machine ip-address
Jul 24, 2020 6:18:47 PM com.droom.automation.lib.WebDriverFactory startDriver
INFO: Info : ...... Start opening application in browser .....
]]></system-err>
  </testcase>
  <testcase name="loginAsProSellerViaOTP" classname="com.droom.automation.UserLoginTest" time="24.873">
    <system-out><![CDATA[Info : Page load completed Successfully ..
connected
5435
5435
5435
Register As a Pro-Seller is displaying hence verified
]]></system-out>
    <system-err><![CDATA[Jul 24, 2020 6:19:11 PM com.droom.automation.lib.AbstractBaseTest afterMethod
INFO: IN AFTER METHOD ======>
Jul 24, 2020 6:19:11 PM com.droom.automation.lib.AbstractBaseTest afterMethod
INFO: QUIT DRIVER
Jul 24, 2020 6:19:11 PM com.droom.automation.lib.WebDriverFactory closeDriver
INFO: Closing browser and application ...
Jul 24, 2020 6:19:12 PM com.droom.automation.lib.WebDriverFactory closeDriver
INFO: WEBDRIVER SET TO NULL
Jul 24, 2020 6:19:12 PM com.droom.automation.lib.AbstractBaseTest init
INFO: IN BEFORE METHOD ======>
Jul 24, 2020 6:19:12 PM io.github.bonigarcia.wdm.WebDriverManager detectDriverVersionFromBrowser
INFO: Using chromedriver 84.0.4147.30 (since Google Chrome 84 is installed in your machine)
Jul 24, 2020 6:19:12 PM io.github.bonigarcia.wdm.WebDriverManager exportDriver
INFO: Exporting webdriver.chrome.driver as C:\Users\Honey\.m2\repository\webdriver\chromedriver\win32\84.0.4147.30\chromedriver.exe
Jul 24, 2020 6:19:12 PM com.droom.automation.lib.WebDriverFactory getChromeDriver
INFO: SET THE DOWNLOAD DIRECTORY
Jul 24, 2020 6:19:12 PM com.droom.automation.lib.WebDriverFactory getChromeDriver
INFO: SET THE BROWSER CAPABILITIES
Jul 24, 2020 6:19:12 PM com.droom.automation.lib.WebDriverFactory getChromeDriver
INFO: Instantiating a Driver to Chrome
Starting ChromeDriver 83.0.4103.39 (ccbf011cb2d2b19b506d844400483861342c20cd-refs/branch-heads/4103@{#416}) on port 22530
Only local connections are allowed.
Please see https://chromedriver.chromium.org/security-considerations for suggestions on keeping ChromeDriver safe.
ChromeDriver was started successfully.
[1595594953.394][WARNING]: This version of ChromeDriver has not been tested with Chrome version 84.
Jul 24, 2020 6:19:15 PM org.openqa.selenium.remote.ProtocolHandshake createSession
INFO: Detected dialect: W3C
Jul 24, 2020 6:19:17 PM com.droom.automation.lib.WebDriverFactory getWebDriverInstance
INFO: configure remote driver with machine ip-address
Jul 24, 2020 6:19:17 PM com.droom.automation.lib.WebDriverFactory startDriver
INFO: Info : ...... Start opening application in browser .....
]]></system-err>
  </testcase>
  <testcase name="inValidOTPloginAsProSellerViaOTP" classname="com.droom.automation.UserLoginTest" time="17.379">
    <system-out><![CDATA[Info : Page load completed Successfully ..
Invalid OTP code. is displaying hence verified
]]></system-out>
    <system-err><![CDATA[Jul 24, 2020 6:19:58 PM com.droom.automation.lib.AbstractBaseTest afterMethod
INFO: IN AFTER METHOD ======>
Jul 24, 2020 6:19:58 PM com.droom.automation.lib.AbstractBaseTest afterMethod
INFO: QUIT DRIVER
Jul 24, 2020 6:19:58 PM com.droom.automation.lib.WebDriverFactory closeDriver
INFO: Closing browser and application ...
Jul 24, 2020 6:19:59 PM com.droom.automation.lib.WebDriverFactory closeDriver
INFO: WEBDRIVER SET TO NULL
Jul 24, 2020 6:19:59 PM com.droom.automation.lib.AbstractBaseTest init
INFO: IN BEFORE METHOD ======>
Jul 24, 2020 6:20:00 PM io.github.bonigarcia.wdm.WebDriverManager detectDriverVersionFromBrowser
INFO: Using chromedriver 84.0.4147.30 (since Google Chrome 84 is installed in your machine)
Jul 24, 2020 6:20:00 PM io.github.bonigarcia.wdm.WebDriverManager exportDriver
INFO: Exporting webdriver.chrome.driver as C:\Users\Honey\.m2\repository\webdriver\chromedriver\win32\84.0.4147.30\chromedriver.exe
Jul 24, 2020 6:20:00 PM com.droom.automation.lib.WebDriverFactory getChromeDriver
INFO: SET THE DOWNLOAD DIRECTORY
Jul 24, 2020 6:20:00 PM com.droom.automation.lib.WebDriverFactory getChromeDriver
INFO: SET THE BROWSER CAPABILITIES
Jul 24, 2020 6:20:00 PM com.droom.automation.lib.WebDriverFactory getChromeDriver
INFO: Instantiating a Driver to Chrome
Starting ChromeDriver 83.0.4103.39 (ccbf011cb2d2b19b506d844400483861342c20cd-refs/branch-heads/4103@{#416}) on port 38244
Only local connections are allowed.
Please see https://chromedriver.chromium.org/security-considerations for suggestions on keeping ChromeDriver safe.
ChromeDriver was started successfully.
[1595595001.188][WARNING]: This version of ChromeDriver has not been tested with Chrome version 84.
Jul 24, 2020 6:20:03 PM org.openqa.selenium.remote.ProtocolHandshake createSession
INFO: Detected dialect: W3C
Jul 24, 2020 6:20:05 PM com.droom.automation.lib.WebDriverFactory getWebDriverInstance
INFO: configure remote driver with machine ip-address
Jul 24, 2020 6:20:05 PM com.droom.automation.lib.WebDriverFactory startDriver
INFO: Info : ...... Start opening application in browser .....
]]></system-err>
  </testcase>
</testsuite>